[0m2021.11.04 15:57:12 INFO  Started: Metals version 0.10.8 in workspace '/home/guille/master/fbid/bigdata' for client Visual Studio Code 1.61.2.[0m
[0m2021.11.04 15:57:13 INFO  time: initialize in 1.38s[0m
[0m2021.11.04 15:57:13 WARN  Build server is not auto-connectable.[0m
[0m2021.11.04 18:56:56 INFO  shutting down Metals[0m
[0m2021.11.05 11:26:02 INFO  Started: Metals version 0.10.9 in workspace '/home/guille/master/fbid/bigdata' for client Visual Studio Code 1.62.0.[0m
[0m2021.11.05 11:26:03 INFO  time: initialize in 1s[0m
[0m2021.11.05 11:26:03 WARN  Build server is not auto-connectable.[0m
[0m2021.11.05 11:26:03 INFO  skipping build import with status 'Requested'[0m
[0m2021.11.05 11:28:23 INFO  shutting down Metals[0m
[0m2021.11.05 11:28:47 INFO  Started: Metals version 0.10.9 in workspace '/home/guille/master/fbid/bigdata' for client Visual Studio Code 1.62.0.[0m
[0m2021.11.05 11:28:48 INFO  time: initialize in 1.04s[0m
[0m2021.11.05 11:28:49 WARN  Build server is not auto-connectable.[0m
[0m2021.11.05 11:28:49 INFO  skipping build import with status 'Requested'[0m
Nov 05, 2021 11:29:48 AM org.eclipse.lsp4j.jsonrpc.services.GenericEndpoint notify
INFO: Unsupported notification method: $/setTrace
[0m2021.11.05 18:46:31 INFO  shutting down Metals[0m
[0m2021.11.06 10:30:06 INFO  Started: Metals version 0.10.9 in workspace '/home/guille/master/fbid/bigdata' for client Visual Studio Code 1.62.0.[0m
[0m2021.11.06 10:30:07 INFO  time: initialize in 1.09s[0m
[0m2021.11.06 10:30:07 WARN  Build server is not auto-connectable.[0m
[0m2021.11.06 10:30:07 INFO  skipping build import with status 'Requested'[0m
[0m2021.11.06 14:55:45 INFO  shutting down Metals[0m
[0m2021.11.06 16:37:53 INFO  Started: Metals version 0.10.9 in workspace '/home/guille/master/fbid/bigdata' for client Visual Studio Code 1.62.0.[0m
[0m2021.11.06 16:37:54 INFO  time: initialize in 1.27s[0m
[0m2021.11.06 16:37:54 WARN  Build server is not auto-connectable.[0m
[0m2021.11.06 16:37:55 INFO  skipping build import with status 'Requested'[0m
[0m2021.11.06 16:58:04 INFO  shutting down Metals[0m
[0m2021.11.07 12:39:58 INFO  Started: Metals version 0.10.9 in workspace '/home/guille/master/fbid/bigdata' for client Visual Studio Code 1.62.0.[0m
[0m2021.11.07 12:40:00 INFO  time: initialize in 1.24s[0m
[0m2021.11.07 12:40:00 WARN  Build server is not auto-connectable.[0m
[0m2021.11.07 12:40:00 INFO  skipping build import with status 'Requested'[0m
[0m2021.11.07 14:59:46 INFO  shutting down Metals[0m
[0m2021.11.07 15:53:16 INFO  Started: Metals version 0.10.9 in workspace '/home/guille/master/fbid/bigdata' for client Visual Studio Code 1.62.0.[0m
[0m2021.11.07 15:53:17 INFO  time: initialize in 1.35s[0m
[0m2021.11.07 15:53:18 WARN  Build server is not auto-connectable.[0m
[0m2021.11.07 15:53:18 INFO  skipping build import with status 'Requested'[0m
[0m2021.11.07 15:53:28 INFO  shutting down Metals[0m
[0m2021.11.07 15:53:42 INFO  Started: Metals version 0.10.9 in workspace '/home/guille/master/fbid/bigdata' for client Visual Studio Code 1.62.0.[0m
[0m2021.11.07 15:53:43 INFO  time: initialize in 1.11s[0m
[0m2021.11.07 15:53:43 WARN  Build server is not auto-connectable.[0m
[0m2021.11.07 15:53:43 INFO  skipping build import with status 'Requested'[0m
Nov 07, 2021 3:53:58 PM org.eclipse.lsp4j.jsonrpc.services.GenericEndpoint notify
INFO: Unsupported notification method: $/setTrace
[0m2021.11.08 01:31:55 INFO  shutting down Metals[0m
[0m2021.11.08 10:33:24 INFO  Started: Metals version 0.10.9 in workspace '/home/guille/master/fbid/bigdata' for client Visual Studio Code 1.62.0.[0m
[0m2021.11.08 10:33:25 INFO  time: initialize in 1.18s[0m
[0m2021.11.08 10:33:26 WARN  Build server is not auto-connectable.[0m
[0m2021.11.08 10:33:26 INFO  skipping build import with status 'Requested'[0m
[0m2021.11.08 17:28:30 WARN  no build target for: /home/guille/master/fbid/bigdata/flight_prediction/src/main/scala/es/upm/dit/ging/predictor/MakePrediction.scala[0m
[0m2021.11.08 17:28:34 INFO  no build target: using presentation compiler with only scala-library: 3.1.0[0m
[0m2021.11.08 17:28:56 INFO  time: code lens generation in 25s[0m
[0m2021.11.08 17:28:56 INFO  time: code lens generation in 3.57s[0m
Nov 08, 2021 5:30:28 PM org.eclipse.lsp4j.jsonrpc.RemoteEndpoint handleCancellation
WARNING: Unmatched cancel notification for request id 54
[0m2021.11.08 17:31:15 WARN  no build target for: /home/guille/master/fbid/bigdata/flight_prediction/src/main/scala/es/upm/dit/ging/predictor/MakePrediction.scala[0m
[0m2021.11.08 17:31:34 WARN  no build target for: /home/guille/master/fbid/bigdata/flight_prediction/src/main/scala/es/upm/dit/ging/predictor/MakePrediction.scala[0m
[0m2021.11.08 20:34:40 WARN  no build target for: /home/guille/master/fbid/bigdata/flight_prediction/build.sbt[0m
Nov 08, 2021 8:35:02 PM org.eclipse.lsp4j.jsonrpc.RemoteEndpoint handleCancellation
WARNING: Unmatched cancel notification for request id 223
[0m2021.11.08 20:35:29 WARN  no build target for: /home/guille/master/fbid/bigdata/flight_prediction/build.sbt[0m
Nov 08, 2021 8:42:30 PM org.eclipse.lsp4j.jsonrpc.RemoteEndpoint handleCancellation
WARNING: Unmatched cancel notification for request id 246
Nov 08, 2021 8:43:39 PM org.eclipse.lsp4j.jsonrpc.RemoteEndpoint handleCancellation
WARNING: Unmatched cancel notification for request id 261
Nov 08, 2021 9:49:40 PM org.eclipse.lsp4j.jsonrpc.RemoteEndpoint handleCancellation
WARNING: Unmatched cancel notification for request id 273
[0m2021.11.09 01:55:04 INFO  shutting down Metals[0m
[0m2021.11.09 13:07:58 INFO  Started: Metals version 0.10.9 in workspace '/home/guille/master/fbid/bigdata' for client Visual Studio Code 1.62.0.[0m
[0m2021.11.09 13:07:59 INFO  time: initialize in 1.37s[0m
[0m2021.11.09 13:07:59 WARN  Build server is not auto-connectable.[0m
[0m2021.11.09 13:08:00 INFO  skipping build import with status 'Requested'[0m
[0m2021.11.09 13:28:16 INFO  shutting down Metals[0m
[0m2021.11.10 18:31:41 INFO  Started: Metals version 0.10.9 in workspace '/home/guille/master/fbid/bigdata' for client Visual Studio Code 1.62.1.[0m
[0m2021.11.10 18:31:42 INFO  time: initialize in 1.19s[0m
[0m2021.11.10 18:31:42 WARN  Build server is not auto-connectable.[0m
[0m2021.11.10 18:31:43 INFO  skipping build import with status 'Requested'[0m
[0m2021.11.10 18:42:27 WARN  no build target for: /home/guille/master/fbid/bigdata/flight_prediction/src/main/scala/es/upm/dit/ging/predictor/MakePrediction.scala[0m
Nov 10, 2021 6:42:28 PM org.eclipse.lsp4j.jsonrpc.RemoteEndpoint handleCancellation
WARNING: Unmatched cancel notification for request id 1
[0m2021.11.10 18:42:30 INFO  no build target: using presentation compiler with only scala-library: 3.1.0[0m
[0m2021.11.10 18:42:32 INFO  time: code lens generation in 3.4s[0m
[0m2021.11.10 18:42:32 INFO  time: code lens generation in 4.57s[0m
[0m2021.11.10 18:55:10 INFO  shutting down Metals[0m
[0m2021.11.12 19:02:48 INFO  Started: Metals version 0.10.9 in workspace '/home/guille/master/fbid/bigdata' for client Visual Studio Code 1.62.2.[0m
[0m2021.11.12 19:02:49 INFO  time: initialize in 1.14s[0m
[0m2021.11.12 19:02:50 WARN  Build server is not auto-connectable.[0m
[0m2021.11.12 19:02:50 INFO  skipping build import with status 'Requested'[0m
[0m2021.11.12 19:02:50 WARN  no build target for: /home/guille/master/fbid/bigdata/flight_prediction/src/main/scala/es/upm/dit/ging/predictor/MakePrediction.scala[0m
[0m2021.11.12 19:02:53 INFO  no build target: using presentation compiler with only scala-library: 3.1.0[0m
[0m2021.11.12 19:03:57 INFO  shutting down Metals[0m
[0m2021.11.12 19:24:18 INFO  Started: Metals version 0.10.9 in workspace '/home/guille/master/fbid/bigdata' for client Visual Studio Code 1.62.2.[0m
[0m2021.11.12 19:24:19 INFO  time: initialize in 1.08s[0m
[0m2021.11.12 19:24:20 WARN  Build server is not auto-connectable.[0m
[0m2021.11.12 19:24:20 INFO  skipping build import with status 'Requested'[0m
[0m2021.11.12 19:24:24 INFO  shutting down Metals[0m
[0m2021.11.14 14:04:26 INFO  Started: Metals version 0.10.9 in workspace '/home/guille/master/fbid/bigdata' for client Visual Studio Code 1.62.2.[0m
[0m2021.11.14 14:04:27 INFO  time: initialize in 1.11s[0m
[0m2021.11.14 14:04:27 WARN  Build server is not auto-connectable.[0m
[0m2021.11.14 14:04:27 INFO  skipping build import with status 'Requested'[0m
[0m2021.11.14 14:08:58 WARN  no build target for: /home/guille/master/fbid/bigdata/flight_prediction/src/main/scala/es/upm/dit/ging/predictor/MakePrediction.scala[0m
[0m2021.11.14 14:09:01 INFO  no build target: using presentation compiler with only scala-library: 3.1.0[0m
[0m2021.11.14 14:09:03 INFO  time: code lens generation in 4.3s[0m
[0m2021.11.14 15:41:20 WARN  no build target for: /home/guille/master/fbid/bigdata/flight_prediction/src/main/scala/es/upm/dit/ging/predictor/MakePrediction.scala[0m
[0m2021.11.14 19:34:54 INFO  Started: Metals version 0.10.9 in workspace '/home/guille/master/fbid/fbid' for client Visual Studio Code 1.62.2.[0m
[0m2021.11.14 19:34:55 INFO  time: initialize in 1.19s[0m
[0m2021.11.14 19:34:59 WARN  Build server is not auto-connectable.[0m
[0m2021.11.14 19:54:02 INFO  shutting down Metals[0m
[0m2021.11.15 12:18:03 INFO  Started: Metals version 0.10.9 in workspace '/home/guille/master/fbid/fbid' for client Visual Studio Code 1.62.2.[0m
[0m2021.11.15 12:18:04 INFO  time: initialize in 1.21s[0m
[0m2021.11.15 12:18:04 WARN  Build server is not auto-connectable.[0m
[0m2021.11.15 12:18:04 INFO  skipping build import with status 'Requested'[0m
[0m2021.11.15 16:36:08 WARN  no build target for: /home/guille/master/fbid/fbid/flight_prediction/src/main/scala/es/upm/dit/ging/predictor/MakePrediction.scala[0m
[0m2021.11.15 16:36:11 INFO  no build target: using presentation compiler with only scala-library: 3.1.0[0m
[0m2021.11.15 16:36:14 INFO  time: code lens generation in 4.65s[0m
[0m2021.11.15 17:17:04 WARN  no build target for: /home/guille/master/fbid/fbid/flight_prediction/src/main/scala/es/upm/dit/ging/predictor/MakePrediction.scala[0m
[0m2021.11.15 17:17:33 WARN  no build target for: /home/guille/master/fbid/fbid/flight_prediction/src/main/scala/es/upm/dit/ging/predictor/MakePrediction.scala[0m
Nov 15, 2021 7:06:22 PM org.eclipse.lsp4j.jsonrpc.RemoteEndpoint handleCancellation
WARNING: Unmatched cancel notification for request id 142
[0m2021.11.15 19:06:25 WARN  no build target for: /home/guille/master/fbid/fbid/flight_prediction/src/main/scala/es/upm/dit/ging/predictor/MakePrediction.scala[0m
